[星期六 三月 24 19:00:46 CST 2018]开始复制表:nodeinfor
[星期六 三月 24 19:00:46 CST 2018]nodeinfor 表复制失败,当前第 1000 条数据: java.sql.BatchUpdateException: Transaction error, need to rollback.Duplicate entry '42004292' for key 'PRIMARY'
[星期六 三月 24 19:04:36 CST 2018]开始复制表:nodeinfor
[星期六 三月 24 19:04:36 CST 2018]nodeinfor 表复制失败,当前第 1000 条数据: java.sql.BatchUpdateException: Transaction error, need to rollback.Duplicate entry '42004292' for key 'PRIMARY'
[星期六 三月 24 19:12:53 CST 2018]开始复制表:nodeinfor
[星期六 三月 24 19:12:54 CST 2018]nodeinfor 表复制失败,当前第 1000 条数据: java.sql.BatchUpdateException: Transaction error, need to rollback.Duplicate entry '42004292' for key 'PRIMARY'
[星期六 三月 24 19:13:24 CST 2018]开始复制表:nodeinfor
[星期六 三月 24 19:13:43 CST 2018]正在提交...
[星期六 三月 24 19:13:44 CST 2018]提交完成
[星期六 三月 24 19:13:44 CST 2018]nodeinfor 表复制完成,共复制 4388 条数据
[星期日 三月 25 10:42:21 CST 2018]开始复制表:nodeinfor
[星期日 三月 25 10:48:29 CST 2018]开始复制表:nodeinfor
[星期日 三月 25 10:48:52 CST 2018]正在提交...
[星期日 三月 25 10:48:53 CST 2018]提交完成
[星期日 三月 25 10:48:53 CST 2018]nodeinfor 表复制完成,共复制 4388 条数据
[星期一 三月 26 00:00:31 CST 2018]开始复制表:nodeinfor
[星期一 三月 26 00:00:31 CST 2018]nodeinfor 表复制失败,当前第 1000 条数据: java.sql.BatchUpdateException: Transaction error, need to rollback.Duplicate entry '42004292' for key 'PRIMARY'
[星期一 三月 26 00:00:33 CST 2018]开始复制表:nodeinfor
[星期一 三月 26 00:00:33 CST 2018]nodeinfor 表复制失败,当前第 1000 条数据: java.sql.BatchUpdateException: Transaction error, need to rollback.Duplicate entry '42004292' for key 'PRIMARY'
[星期一 三月 26 12:48:08 CST 2018]开始复制表:hh_oilvouch
[星期一 三月 26 12:49:52 CST 2018]正在提交...
[星期一 三月 26 12:49:53 CST 2018]提交完成
[星期一 三月 26 12:49:53 CST 2018]hh_oilvouch 表复制完成,共复制 242305 条数据
[星期一 三月 26 14:16:00 CST 2018]开始复制表:hh_oilvouch
[星期一 三月 26 14:17:13 CST 2018]开始复制表:hh_oilvouch
[星期一 三月 26 14:18:52 CST 2018]正在提交...
[星期一 三月 26 14:18:54 CST 2018]提交完成
[星期一 三月 26 14:18:54 CST 2018]hh_oilvouch 表复制完成,共复制 256700 条数据
[星期一 三月 26 14:18:54 CST 2018]清除旧数据...
[星期一 三月 26 14:18:54 CST 2018]清除旧数据失败！
[星期一 三月 26 14:25:35 CST 2018]开始复制表:hh_oilvouch
[星期一 三月 26 14:25:35 CST 2018]清除旧数据...
[星期一 三月 26 14:25:35 CST 2018]清除2018-03-25日之前，共60 条数据
[星期一 三月 26 14:28:38 CST 2018]开始复制表:hh_oilvouch
[星期一 三月 26 14:30:15 CST 2018]正在提交...
[星期一 三月 26 14:30:17 CST 2018]提交完成
[星期一 三月 26 14:30:17 CST 2018]hh_oilvouch 表复制完成,共复制 258685 条数据
[星期一 三月 26 14:30:17 CST 2018]清除旧数据...
[星期一 三月 26 14:30:17 CST 2018]清除2018-03-25日之前，共0 条数据
[星期一 三月 26 14:31:04 CST 2018]开始复制表:hh_oilvouch
[星期一 三月 26 14:31:05 CST 2018]正在提交...
[星期一 三月 26 14:31:05 CST 2018]提交完成
[星期一 三月 26 14:31:05 CST 2018]hh_oilvouch 表复制完成,共复制 389 条数据
[星期一 三月 26 14:31:05 CST 2018]清除旧数据...
[星期一 三月 26 14:31:05 CST 2018]清除2018-02-24日之前，共0 条数据
[星期二 三月 27 00:00:31 CST 2018]开始复制表:hh_oilvouch
[星期二 三月 27 00:01:02 CST 2018]正在提交...
[星期二 三月 27 00:01:02 CST 2018]提交完成
[星期二 三月 27 00:01:02 CST 2018]hh_oilvouch 表复制完成,共复制 72265 条数据
[星期二 三月 27 00:01:02 CST 2018]清除旧数据...
[星期二 三月 27 00:01:03 CST 2018]清除2018-02-25日之前，共0 条数据
[星期二 三月 27 00:01:03 CST 2018]开始复制表:hh_oildetail
[星期二 三月 27 00:01:03 CST 2018]最大ID异常!
[星期二 三月 27 09:12:02 CST 2018]开始复制表:hh_oilvouch
[星期二 三月 27 09:12:18 CST 2018]正在提交...
[星期二 三月 27 09:12:19 CST 2018]提交完成
[星期二 三月 27 09:12:19 CST 2018]hh_oilvouch 表复制完成,共复制 36470 条数据
[星期二 三月 27 09:12:19 CST 2018]清除旧数据...
[星期二 三月 27 09:12:19 CST 2018]清除2018-02-25日之前，共0 条数据
[星期二 三月 27 09:12:19 CST 2018]开始复制表:hh_oildetail
[星期二 三月 27 09:13:17 CST 2018]正在提交...
[星期二 三月 27 09:13:18 CST 2018]提交完成
[星期二 三月 27 09:13:18 CST 2018]hh_oildetail 表复制完成,共复制 163218 条数据
[星期二 三月 27 09:13:18 CST 2018]清除旧数据...
[星期二 三月 27 09:13:18 CST 2018]清除2018-02-25日之前，共0 条数据
[星期二 三月 27 17:14:52 CST 2018]开始复制表:hh_oilvouch
[星期二 三月 27 17:15:27 CST 2018]正在提交...
[星期二 三月 27 17:15:28 CST 2018]提交完成
[星期二 三月 27 17:15:28 CST 2018]hh_oilvouch 表复制完成,共复制 84935 条数据
[星期二 三月 27 17:15:28 CST 2018]清除旧数据...
[星期二 三月 27 17:15:28 CST 2018]清除2018-03-23日之前，共0 条数据
[星期二 三月 27 17:15:28 CST 2018]开始复制表:hh_oildetail
[星期二 三月 27 17:15:34 CST 2018]最大ID异常!
[星期三 三月 28 04:00:01 CST 2018]开始复制表:hh_oilvouch
[星期三 三月 28 04:00:25 CST 2018]正在提交...
[星期三 三月 28 04:00:25 CST 2018]提交完成
[星期三 三月 28 04:00:25 CST 2018]hh_oilvouch 表复制完成,共复制 46968 条数据
[星期三 三月 28 04:00:25 CST 2018]清除旧数据...
[星期三 三月 28 04:00:26 CST 2018]清除2018-03-24日之前，共0 条数据
[星期三 三月 28 04:00:26 CST 2018]开始复制表:hh_oildetail
[星期三 三月 28 04:01:37 CST 2018]正在提交...
[星期三 三月 28 04:01:39 CST 2018]提交完成
[星期三 三月 28 04:01:39 CST 2018]hh_oildetail 表复制完成,共复制 178726 条数据
[星期三 三月 28 04:01:39 CST 2018]清除旧数据...
[星期三 三月 28 04:01:39 CST 2018]清除2018-03-24日之前，共0 条数据
[星期三 三月 28 04:01:40 CST 2018]开始复制表:hh_oilvouch
[星期三 三月 28 04:01:52 CST 2018]正在提交...
[星期三 三月 28 04:01:52 CST 2018]提交完成
[星期三 三月 28 04:01:52 CST 2018]hh_oilvouch 表复制完成,共复制 16 条数据
[星期三 三月 28 04:01:52 CST 2018]清除旧数据...
[星期三 三月 28 04:01:52 CST 2018]清除2018-03-24日之前，共0 条数据
[星期三 三月 28 04:01:52 CST 2018]开始复制表:hh_oildetail
[星期三 三月 28 04:01:53 CST 2018]最大ID异常!
[星期三 三月 28 09:14:32 CST 2018]开始复制表:hh_oilvouch
[星期三 三月 28 09:15:04 CST 2018]hh_oilvouch 表复制失败,当前第 22000 条数据: java.sql.BatchUpdateException: Transaction error, need to rollback. errno:1062 Duplicate entry '1000114200006066700-116-0-42002271-2018-03-26 08:21:08-03' for key 'PRIMARY'
[星期三 三月 28 09:15:07 CST 2018]开始复制表:hh_oildetail
[星期三 三月 28 09:15:21 CST 2018]最大ID异常!
[星期三 三月 28 09:30:01 CST 2018]开始复制表:hh_oilvouch
[星期三 三月 28 09:30:15 CST 2018]hh_oilvouch 表复制失败,当前第 22000 条数据: java.sql.BatchUpdateException: Transaction error, need to rollback. errno:1062 Duplicate entry '1000114200006066700-116-0-42002271-2018-03-26 08:21:08-03' for key 'PRIMARY'
[星期三 三月 28 09:30:15 CST 2018]开始复制表:hh_oildetail
[星期三 三月 28 09:30:26 CST 2018]最大ID异常!
[星期三 三月 28 10:56:41 CST 2018]开始复制表:hh_oilvouch
[星期三 三月 28 10:57:11 CST 2018]正在提交...
[星期三 三月 28 10:57:12 CST 2018]提交完成
[星期三 三月 28 10:57:12 CST 2018]hh_oilvouch 表复制完成,共复制 60666 条数据
[星期三 三月 28 10:57:12 CST 2018]清除旧数据...
[星期三 三月 28 10:57:12 CST 2018]清除2018-03-24日之前，共0 条数据
[星期三 三月 28 10:57:12 CST 2018]开始复制表:hh_oildetail
[星期三 三月 28 10:57:26 CST 2018]最大ID异常!
[星期四 三月 29 04:00:01 CST 2018]开始复制表:hh_oilvouch
[星期四 三月 29 04:00:56 CST 2018]正在提交...
[星期四 三月 29 04:00:57 CST 2018]提交完成
[星期四 三月 29 04:00:57 CST 2018]hh_oilvouch 表复制完成,共复制 128742 条数据
[星期四 三月 29 04:00:57 CST 2018]清除旧数据...
[星期四 三月 29 04:00:57 CST 2018]清除2018-03-25日之前，共0 条数据
[星期四 三月 29 04:00:57 CST 2018]开始复制表:hh_oildetail
[星期四 三月 29 04:02:09 CST 2018]正在提交...
[星期四 三月 29 04:02:11 CST 2018]提交完成
[星期四 三月 29 04:02:11 CST 2018]hh_oildetail 表复制完成,共复制 180635 条数据
[星期四 三月 29 04:02:11 CST 2018]清除旧数据...
[星期四 三月 29 04:02:11 CST 2018]清除2018-03-25日之前，共0 条数据
[星期五 三月 30 04:00:01 CST 2018]开始复制表:hh_oilvouch
[星期五 三月 30 04:01:22 CST 2018]正在提交...
[星期五 三月 30 04:01:24 CST 2018]提交完成
[星期五 三月 30 04:01:24 CST 2018]hh_oilvouch 表复制完成,共复制 151149 条数据
[星期五 三月 30 04:01:24 CST 2018]清除旧数据...
[星期五 三月 30 04:01:24 CST 2018]清除2018-03-26日之前，共744 条数据
[星期五 三月 30 04:01:24 CST 2018]开始复制表:hh_oildetail
[星期五 三月 30 04:02:58 CST 2018]正在提交...
[星期五 三月 30 04:03:00 CST 2018]提交完成
[星期五 三月 30 04:03:00 CST 2018]hh_oildetail 表复制完成,共复制 195037 条数据
[星期五 三月 30 04:03:00 CST 2018]清除旧数据...
[星期五 三月 30 04:03:00 CST 2018]清除2018-03-26日之前，共0 条数据
[星期六 三月 31 04:00:01 CST 2018]开始复制表:hh_oilvouch
[星期六 三月 31 04:02:46 CST 2018]正在提交...
[星期六 三月 31 04:02:48 CST 2018]提交完成
[星期六 三月 31 04:02:48 CST 2018]hh_oilvouch 表复制完成,共复制 186796 条数据
[星期六 三月 31 04:02:48 CST 2018]清除旧数据...
[星期六 三月 31 04:02:48 CST 2018]清除2018-03-27日之前，共29726 条数据
[星期六 三月 31 04:02:48 CST 2018]开始复制表:hh_oildetail
[星期六 三月 31 04:03:21 CST 2018]正在提交...
[星期六 三月 31 04:03:21 CST 2018]提交完成
[星期六 三月 31 04:03:21 CST 2018]hh_oildetail 表复制完成,共复制 22776 条数据
[星期六 三月 31 04:03:21 CST 2018]清除旧数据...
[星期六 三月 31 04:03:21 CST 2018]清除2018-03-27日之前，共0 条数据
[星期日 四月 01 04:00:01 CST 2018]开始复制表:hh_oilvouch
[星期日 四月 01 04:01:19 CST 2018]正在提交...
[星期日 四月 01 04:01:20 CST 2018]提交完成
[星期日 四月 01 04:01:20 CST 2018]hh_oilvouch 表复制完成,共复制 171419 条数据
[星期日 四月 01 04:01:20 CST 2018]清除旧数据...
[星期日 四月 01 04:01:22 CST 2018]清除2018-03-28日之前，共146254 条数据
[星期日 四月 01 04:01:22 CST 2018]开始复制表:hh_oildetail
[星期日 四月 01 04:01:53 CST 2018]正在提交...
[星期日 四月 01 04:01:53 CST 2018]提交完成
[星期日 四月 01 04:01:53 CST 2018]hh_oildetail 表复制完成,共复制 13096 条数据
[星期日 四月 01 04:01:53 CST 2018]清除旧数据...
[星期日 四月 01 04:01:56 CST 2018]清除2018-03-28日之前，共163218 条数据
[星期一 四月 02 04:00:01 CST 2018]开始复制表:hh_oilvouch
[星期一 四月 02 04:01:09 CST 2018]正在提交...
[星期一 四月 02 04:01:10 CST 2018]提交完成
[星期一 四月 02 04:01:10 CST 2018]hh_oilvouch 表复制完成,共复制 151992 条数据
[星期一 四月 02 04:01:10 CST 2018]清除旧数据...
[星期一 四月 02 04:01:13 CST 2018]清除2018-03-29日之前，共166129 条数据
[星期一 四月 02 04:01:13 CST 2018]开始复制表:hh_oildetail
[星期一 四月 02 04:01:38 CST 2018]正在提交...
[星期一 四月 02 04:01:38 CST 2018]提交完成
[星期一 四月 02 04:01:38 CST 2018]hh_oildetail 表复制完成,共复制 15870 条数据
[星期一 四月 02 04:01:38 CST 2018]清除旧数据...
[星期一 四月 02 04:01:42 CST 2018]清除2018-03-29日之前，共178726 条数据
[星期二 四月 03 04:00:01 CST 2018]开始复制表:hh_oilvouch
[星期二 四月 03 04:01:19 CST 2018]正在提交...
[星期二 四月 03 04:01:21 CST 2018]提交完成
[星期二 四月 03 04:01:21 CST 2018]hh_oilvouch 表复制完成,共复制 168681 条数据
[星期二 四月 03 04:01:21 CST 2018]清除旧数据...
[星期二 四月 03 04:01:23 CST 2018]清除2018-03-30日之前，共166580 条数据
[星期二 四月 03 04:01:23 CST 2018]开始复制表:hh_oildetail
[星期二 四月 03 04:01:50 CST 2018]正在提交...
[星期二 四月 03 04:01:50 CST 2018]提交完成
[星期二 四月 03 04:01:50 CST 2018]hh_oildetail 表复制完成,共复制 13667 条数据
[星期二 四月 03 04:01:50 CST 2018]清除旧数据...
[星期二 四月 03 04:01:55 CST 2018]清除2018-03-30日之前，共180635 条数据
[星期三 四月 04 04:00:01 CST 2018]开始复制表:hh_oilvouch
[星期三 四月 04 04:01:36 CST 2018]正在提交...
[星期三 四月 04 04:01:38 CST 2018]提交完成
[星期三 四月 04 04:01:38 CST 2018]hh_oilvouch 表复制完成,共复制 171633 条数据
[星期三 四月 04 04:01:38 CST 2018]清除旧数据...
[星期三 四月 04 04:01:43 CST 2018]清除2018-03-31日之前，共188481 条数据
[星期三 四月 04 04:01:43 CST 2018]开始复制表:hh_oildetail
[星期三 四月 04 04:02:12 CST 2018]正在提交...
[星期三 四月 04 04:02:12 CST 2018]提交完成
[星期三 四月 04 04:02:12 CST 2018]hh_oildetail 表复制完成,共复制 13584 条数据
[星期三 四月 04 04:02:12 CST 2018]清除旧数据...
[星期三 四月 04 04:02:16 CST 2018]清除2018-03-31日之前，共203098 条数据
[星期四 四月 05 04:00:01 CST 2018]开始复制表:hh_oilvouch
[星期四 四月 05 04:02:34 CST 2018]正在提交...
[星期四 四月 05 04:02:36 CST 2018]提交完成
[星期四 四月 05 04:02:36 CST 2018]hh_oilvouch 表复制完成,共复制 209229 条数据
[星期四 四月 05 04:02:36 CST 2018]清除旧数据...
[星期四 四月 05 04:02:40 CST 2018]清除2018-04-01日之前，共279531 条数据
[星期四 四月 05 04:02:40 CST 2018]开始复制表:hh_oildetail
[星期四 四月 05 04:03:04 CST 2018]正在提交...
[星期四 四月 05 04:03:05 CST 2018]提交完成
[星期四 四月 05 04:03:05 CST 2018]hh_oildetail 表复制完成,共复制 13618 条数据
[星期四 四月 05 04:03:05 CST 2018]清除旧数据...
[星期四 四月 05 04:03:05 CST 2018]清除2018-04-01日之前，共27811 条数据
[星期五 四月 06 04:00:01 CST 2018]开始复制表:hh_oilvouch
[星期五 四月 06 04:02:06 CST 2018]正在提交...
[星期五 四月 06 04:02:07 CST 2018]提交完成
[星期五 四月 06 04:02:07 CST 2018]hh_oilvouch 表复制完成,共复制 141430 条数据
[星期五 四月 06 04:02:07 CST 2018]清除旧数据...
[星期五 四月 06 04:02:09 CST 2018]清除2018-04-02日之前，共60782 条数据
[星期五 四月 06 04:02:09 CST 2018]开始复制表:hh_oildetail
[星期五 四月 06 04:08:02 CST 2018]正在提交...
[星期五 四月 06 04:08:08 CST 2018]提交完成
[星期五 四月 06 04:08:08 CST 2018]hh_oildetail 表复制完成,共复制 818902 条数据
[星期五 四月 06 04:08:08 CST 2018]清除旧数据...
[星期五 四月 06 04:08:08 CST 2018]清除2018-04-02日之前，共0 条数据
[星期六 四月 07 04:00:01 CST 2018]开始复制表:hh_oilvouch
[星期六 四月 07 04:01:22 CST 2018]正在提交...
[星期六 四月 07 04:01:23 CST 2018]提交完成
[星期六 四月 07 04:01:23 CST 2018]hh_oilvouch 表复制完成,共复制 177656 条数据
[星期六 四月 07 04:01:23 CST 2018]清除旧数据...
[星期六 四月 07 04:01:25 CST 2018]清除2018-04-03日之前，共97483 条数据
[星期六 四月 07 04:01:25 CST 2018]开始复制表:hh_oildetail
[星期六 四月 07 04:06:05 CST 2018]正在提交...
[星期六 四月 07 04:06:08 CST 2018]提交完成
[星期六 四月 07 04:06:08 CST 2018]hh_oildetail 表复制完成,共复制 418405 条数据
[星期六 四月 07 04:06:08 CST 2018]清除旧数据...
[星期六 四月 07 04:06:09 CST 2018]清除2018-04-03日之前，共15870 条数据
[星期日 四月 08 04:00:01 CST 2018]开始复制表:hh_oilvouch
[星期日 四月 08 04:01:28 CST 2018]正在提交...
[星期日 四月 08 04:01:30 CST 2018]提交完成
[星期日 四月 08 04:01:30 CST 2018]hh_oilvouch 表复制完成,共复制 180242 条数据
[星期日 四月 08 04:01:30 CST 2018]清除旧数据...
[星期日 四月 08 04:01:30 CST 2018]清除2018-04-04日之前，共9534 条数据
[星期日 四月 08 04:01:30 CST 2018]开始复制表:hh_oildetail
[星期日 四月 08 04:02:21 CST 2018]正在提交...
[星期日 四月 08 04:02:21 CST 2018]提交完成
[星期日 四月 08 04:02:21 CST 2018]hh_oildetail 表复制完成,共复制 9124 条数据
[星期日 四月 08 04:02:21 CST 2018]清除旧数据...
[星期日 四月 08 04:02:22 CST 2018]清除2018-04-04日之前，共13667 条数据
[星期一 四月 09 04:00:01 CST 2018]开始复制表:hh_oilvouch
[星期一 四月 09 04:01:35 CST 2018]正在提交...
[星期一 四月 09 04:01:37 CST 2018]提交完成
[星期一 四月 09 04:01:37 CST 2018]hh_oilvouch 表复制完成,共复制 171395 条数据
[星期一 四月 09 04:01:37 CST 2018]清除旧数据...
[星期一 四月 09 04:01:45 CST 2018]清除2018-04-05日之前，共268245 条数据
[星期一 四月 09 04:01:45 CST 2018]开始复制表:hh_oildetail
[星期一 四月 09 04:05:34 CST 2018]正在提交...
[星期一 四月 09 04:05:37 CST 2018]提交完成
[星期一 四月 09 04:05:37 CST 2018]hh_oildetail 表复制完成,共复制 339913 条数据
[星期一 四月 09 04:05:37 CST 2018]清除旧数据...
[星期一 四月 09 04:05:37 CST 2018]清除2018-04-05日之前，共13584 条数据
